<?xml version="1.0" encoding="UTF-8"?>
<!-- Generated by org.testng.reporters.JUnitReportReporter -->
<testsuite hostname="Seans-MBP.modem" failures="0" tests="2" name="io.nology.employeeCreator.EmployeeCreatorApplicationTests" time="23.752" errors="0" timestamp="2023-02-24T14:18:56 AEDT" skipped="0">
  <testcase classname="io.nology.employeeCreator.EmployeeCreatorApplicationTests" name="verifyInputsAreNull" time="6.459"/>
  <system-out/>
  <testcase classname="io.nology.employeeCreator.EmployeeCreatorApplicationTests" name="verifyUserCanBeCreated" time="17.293"/>
  <system-out/>
</testsuite> <!-- io.nology.employeeCreator.EmployeeCreatorApplicationTests -->
