<?xml version="1.0" encoding="UTF-8"?>
<!-- Generated by org.testng.reporters.JUnitReportReporter -->
<testsuite hostname="Seans-MBP.modem" failures="0" tests="1" name="io.nology.employeeCreator.EmployeeCreatorApplicationTests" time="16.947" errors="0" timestamp="2023-02-22T08:42:04 AEDT" skipped="0">
  <testcase classname="io.nology.employeeCreator.EmployeeCreatorApplicationTests" name="verifyUserCanBeCreated" time="16.947"/>
  <system-out/>
</testsuite> <!-- io.nology.employeeCreator.EmployeeCreatorApplicationTests -->
